Log file path = larmap_out/logs/child_logs/larmap_Y17H_R1.out
Warning: 'larmap_env' already in 'envs_dirs' list, moving to the bottom
conda environment = /Users/yinzheng/Documents/GitHub/lariat_mapping_test/larmap_env/larmap_env
Beginning Y17H read one lariat mapping...
Run parameters:
READ_FILE: demo_files/demo_fastq_files_250k_bp/250k_cDBR1-Y17H_1.fq.gz 
OUTPUT_BASE: larmap_out/output/Y17H_R1/Y17H_R1 
CPUS: 4 
GENOME_BOWTIE2_INDEX: demo_files/genomes/indices/bowtie2/mm39.fa 
GENOME_FASTA: demo_files/genomes/fasta_files/mm39.fa 
GTF_FILE: demo_files/genomes/annotations/mm39.gencode.basic.M32.annotation.gtf.gz 
FIVEP_FASTA: demo_files/reference_files/mouse/mm39.gencode.basic.M32.fivep_sites.fa 
THREEP_BOWTIE2_INDEX: demo_files/reference_files/mouse/mm39.gencode.basic.M32.threep_sites.fa 
THREEP_LENGTHS: demo_files/reference_files/mouse/mm39.gencode.basic.M32.threep_seq_lens.txt

17:20:32 06/06  -  0h:0m:0s |    (1/7) Mapping reads and extracting unmapped reads
250000 reads; of these:
  250000 (100.00%) were unpaired; of these:
    55687 (22.27%) aligned 0 times
    194313 (77.73%) aligned exactly 1 time
    0 (0.00%) aligned >1 times
77.73% overall alignment rate

17:20:39 06/06  -  0h:0m:7s |    (2/7) Creating fasta file of unmapped reads
[M::bam2fq_mainloop] discarded 0 singletons
[M::bam2fq_mainloop] processed 55687 reads

17:20:39 06/06  -  0h:0m:7s |    (3/7) Building bowtie index of unmapped fasta
Building a LARGE index
Renaming larmap_out/output/Y17H_R1/Y17H_R1_unmapped_reads.fa.3.bt2l.tmp to larmap_out/output/Y17H_R1/Y17H_R1_unmapped_reads.fa.3.bt2l
Renaming larmap_out/output/Y17H_R1/Y17H_R1_unmapped_reads.fa.4.bt2l.tmp to larmap_out/output/Y17H_R1/Y17H_R1_unmapped_reads.fa.4.bt2l
Renaming larmap_out/output/Y17H_R1/Y17H_R1_unmapped_reads.fa.1.bt2l.tmp to larmap_out/output/Y17H_R1/Y17H_R1_unmapped_reads.fa.1.bt2l
Renaming larmap_out/output/Y17H_R1/Y17H_R1_unmapped_reads.fa.2.bt2l.tmp to larmap_out/output/Y17H_R1/Y17H_R1_unmapped_reads.fa.2.bt2l
Renaming larmap_out/output/Y17H_R1/Y17H_R1_unmapped_reads.fa.rev.1.bt2l.tmp to larmap_out/output/Y17H_R1/Y17H_R1_unmapped_reads.fa.rev.1.bt2l
Renaming larmap_out/output/Y17H_R1/Y17H_R1_unmapped_reads.fa.rev.2.bt2l.tmp to larmap_out/output/Y17H_R1/Y17H_R1_unmapped_reads.fa.rev.2.bt2l

17:20:43 06/06  -  0h:0m:11s |   (4/7) Mapping 5' splice sites to reads
224459 reads; of these:
  224459 (100.00%) were unpaired; of these:
    223200 (99.44%) aligned 0 times
    524 (0.23%) aligned exactly 1 time
    735 (0.33%) aligned >1 times
0.56% overall alignment rate

17:20:44 06/06  -  0h:0m:12s |   (5/7) Finding 5' read alignments and trimming reads

17:20:44 06/06  -  0h:0m:12s |   (6/7) Mapping 5' trimmed reads to 3' sites
438 reads; of these:
  438 (100.00%) were unpaired; of these:
    367 (83.79%) aligned 0 times
    28 (6.39%) aligned exactly 1 time
    43 (9.82%) aligned >1 times
16.21% overall alignment rate

17:20:45 06/06  -  0h:0m:13s |   (7/7) Filtering 3' alignments and outputting final table
Mapping of Y17H read one file complete
