Log file path = larmap_out/logs/child_logs/larmap_Y17H_R2.out
Warning: 'larmap_env' already in 'envs_dirs' list, moving to the bottom
conda environment = /Users/yinzheng/Documents/GitHub/lariat_mapping_test/larmap_env/larmap_env
Beginning Y17H read two lariat mapping...
Run parameters:
READ_FILE: demo_files/demo_fastq_files_250k_bp/250k_cDBR1-Y17H_2.fq.gz 
OUTPUT_BASE: larmap_out/output/Y17H_R2/Y17H_R2 
CPUS: 4 
GENOME_BOWTIE2_INDEX: demo_files/genomes/indices/bowtie2/mm39.fa 
GENOME_FASTA: demo_files/genomes/fasta_files/mm39.fa 
GTF_FILE: demo_files/genomes/annotations/mm39.gencode.basic.M32.annotation.gtf.gz 
FIVEP_FASTA: demo_files/reference_files/mouse/mm39.gencode.basic.M32.fivep_sites.fa 
THREEP_BOWTIE2_INDEX: demo_files/reference_files/mouse/mm39.gencode.basic.M32.threep_sites.fa 
THREEP_LENGTHS: demo_files/reference_files/mouse/mm39.gencode.basic.M32.threep_seq_lens.txt

17:20:48 06/06  -  0h:0m:0s |    (1/7) Mapping reads and extracting unmapped reads
250000 reads; of these:
  250000 (100.00%) were unpaired; of these:
    58703 (23.48%) aligned 0 times
    191297 (76.52%) aligned exactly 1 time
    0 (0.00%) aligned >1 times
76.52% overall alignment rate

17:20:55 06/06  -  0h:0m:7s |    (2/7) Creating fasta file of unmapped reads
[M::bam2fq_mainloop] discarded 0 singletons
[M::bam2fq_mainloop] processed 58703 reads

17:20:56 06/06  -  0h:0m:8s |    (3/7) Building bowtie index of unmapped fasta
Building a LARGE index
Renaming larmap_out/output/Y17H_R2/Y17H_R2_unmapped_reads.fa.3.bt2l.tmp to larmap_out/output/Y17H_R2/Y17H_R2_unmapped_reads.fa.3.bt2l
Renaming larmap_out/output/Y17H_R2/Y17H_R2_unmapped_reads.fa.4.bt2l.tmp to larmap_out/output/Y17H_R2/Y17H_R2_unmapped_reads.fa.4.bt2l
Renaming larmap_out/output/Y17H_R2/Y17H_R2_unmapped_reads.fa.1.bt2l.tmp to larmap_out/output/Y17H_R2/Y17H_R2_unmapped_reads.fa.1.bt2l
Renaming larmap_out/output/Y17H_R2/Y17H_R2_unmapped_reads.fa.2.bt2l.tmp to larmap_out/output/Y17H_R2/Y17H_R2_unmapped_reads.fa.2.bt2l
Renaming larmap_out/output/Y17H_R2/Y17H_R2_unmapped_reads.fa.rev.1.bt2l.tmp to larmap_out/output/Y17H_R2/Y17H_R2_unmapped_reads.fa.rev.1.bt2l
Renaming larmap_out/output/Y17H_R2/Y17H_R2_unmapped_reads.fa.rev.2.bt2l.tmp to larmap_out/output/Y17H_R2/Y17H_R2_unmapped_reads.fa.rev.2.bt2l

17:21:00 06/06  -  0h:0m:12s |   (4/7) Mapping 5' splice sites to reads
224459 reads; of these:
  224459 (100.00%) were unpaired; of these:
    223015 (99.36%) aligned 0 times
    677 (0.30%) aligned exactly 1 time
    767 (0.34%) aligned >1 times
0.64% overall alignment rate

17:21:01 06/06  -  0h:0m:13s |   (5/7) Finding 5' read alignments and trimming reads

17:21:01 06/06  -  0h:0m:13s |   (6/7) Mapping 5' trimmed reads to 3' sites
495 reads; of these:
  495 (100.00%) were unpaired; of these:
    396 (80.00%) aligned 0 times
    57 (11.52%) aligned exactly 1 time
    42 (8.48%) aligned >1 times
20.00% overall alignment rate

17:21:02 06/06  -  0h:0m:14s |   (7/7) Filtering 3' alignments and outputting final table
Mapping of Y17H read two file complete
