05:21:05 06/06  -  0h:0m:0s    |  START TIME: 06/06/23 05:21:05
05:21:05 06/06  -  0h:0m:0s    |  Arguments: ['scripts/merge_filter_lariats_no_slurm.py', 'larmap_out/info.06.06.2023-17.19.txt']
05:21:05 06/06  -  0h:0m:0s    |  Run parameters from info file:
05:21:05 06/06  -  0h:0m:0s    |  Fastq Files Directory: demo_files/demo_fastq_files_250k_bp
05:21:05 06/06  -  0h:0m:0s    |  Scripts Directory: larmap_out/scripts
05:21:05 06/06  -  0h:0m:0s    |  Log Directory: larmap_out/logs
05:21:05 06/06  -  0h:0m:0s    |  Mapping Output Directory: larmap_out/output
05:21:05 06/06  -  0h:0m:0s    |  Final Results Path: larmap_out/demo_mapped_reads_250k.txt
05:21:05 06/06  -  0h:0m:0s    |  Number of CPUs: 4
05:21:05 06/06  -  0h:0m:0s    |  Bowtie2 Genome Index Base: demo_files/genomes/indices/bowtie2/mm39.fa
05:21:05 06/06  -  0h:0m:0s    |  Genome FASTA File: demo_files/genomes/fasta_files/mm39.fa
05:21:05 06/06  -  0h:0m:0s    |  Genome GTF Annotation File: demo_files/genomes/annotations/mm39.gencode.basic.M32.annotation.gtf.gz
05:21:05 06/06  -  0h:0m:0s    |  5p Splice Sites File: demo_files/reference_files/mouse/mm39.gencode.basic.M32.fivep_sites.fa
05:21:05 06/06  -  0h:0m:0s    |  3p Splice Sites Bowtie2 Index Base: demo_files/reference_files/mouse/mm39.gencode.basic.M32.threep_sites.fa
05:21:05 06/06  -  0h:0m:0s    |  3p Sequence Lengths File: demo_files/reference_files/mouse/mm39.gencode.basic.M32.threep_seq_lens.txt
05:21:05 06/06  -  0h:0m:0s    |  Introns BED File: demo_files/genomes/annotations/mm39.gencode.basic.M32.introns.bed.gz
05:21:05 06/06  -  0h:0m:0s    |  RepeatMasker BED File: demo_files/genomes/annotations/mm39.repeat_masker.bed.gz
05:21:05 06/06  -  0h:0m:0s    |  3 categories pulled from info file: ['read_one_file', 'read_two_file', 'output_base_name']
05:21:05 06/06  -  0h:0m:0s    |  Pulled row: ['250k_cWT_1.fq.gz', '250k_cWT_2.fq.gz', 'WT']
05:21:05 06/06  -  0h:0m:0s    |  Pulled row: ['250k_cDBR1-Y17H_1.fq.gz', '250k_cDBR1-Y17H_2.fq.gz', 'Y17H']
05:21:05 06/06  -  0h:0m:0s    |  Parsing intron info...
05:21:17 06/06  -  0h:0m:12s   |  Parsing gene ranges...
05:21:19 06/06  -  0h:0m:14s   |  Parsing lariat reads...
05:21:19 06/06  -  0h:0m:14s   |  Parsing total mapped reads...
05:21:19 06/06  -  0h:0m:14s   |  Looking for total reads in larmap_out/output/WT_R1/WT_R1_total_reads.txt
05:21:19 06/06  -  0h:0m:14s   |  Looking for total reads in larmap_out/output/WT_R2/WT_R2_total_reads.txt
05:21:19 06/06  -  0h:0m:14s   |  Looking for total reads in larmap_out/output/Y17H_R1/Y17H_R1_total_reads.txt
05:21:19 06/06  -  0h:0m:14s   |  Looking for total reads in larmap_out/output/Y17H_R2/Y17H_R2_total_reads.txt
05:21:19 06/06  -  0h:0m:14s   |  Merging R1 and R2 lariat reads...
05:21:19 06/06  -  0h:0m:14s   |  WT_R1 pre-filter read count: 12 	WT_R2 pre-filter read count: 33 
Merged pre-filter read count: 45 (1 repeats)
05:21:19 06/06  -  0h:0m:14s   |  Y17H_R1 pre-filter read count: 15 	Y17H_R2 pre-filter read count: 42 
Merged pre-filter read count: 57 (6 repeats)
05:21:19 06/06  -  0h:0m:14s   |  Filtering lariat reads...
05:21:26 06/06  -  0h:0m:21s   |  WT: Pre-filter read count = 45, Post-filter read count = 20, Discarded read counts = near_ss (25),upstream_found (0),in_repeat (0)
05:21:33 06/06  -  0h:0m:28s   |  Y17H: Pre-filter read count = 57, Post-filter read count = 31, Discarded read counts = near_ss (24),upstream_found (0),in_repeat (2)
05:21:33 06/06  -  0h:0m:28s   |  Writing results to file...
05:21:33 06/06  -  0h:0m:28s   |  Writing results for WT
05:21:33 06/06  -  0h:0m:28s   |  Writing results for Y17H
05:21:33 06/06  -  0h:0m:28s   |  Results file complete.
